<?xml version="1.0" encoding="UTF-8"?>
<testng-results ignored="0" total="2" passed="2" failed="0" skipped="0">
  <reporter-output>
  </reporter-output>
  <suite started-at="2026-03-16T16:06:46 IST" name="Surefire suite" finished-at="2026-03-16T16:06:46 IST" duration-ms="47">
    <groups>
    </groups>
    <test started-at="2026-03-16T16:06:46 IST" name="Surefire test" finished-at="2026-03-16T16:06:46 IST" duration-ms="47">
      <class name="stu1.Student1Test">
        <test-method signature="testFailStudent()[pri:0, instance:stu1.Student1Test@5e4c8041]" started-at="2026-03-16T16:06:46 IST" name="testFailStudent" finished-at="2026-03-16T16:06:46 IST" duration-ms="8" status="PASS">
          <reporter-output>
          </reporter-output>
        </test-method> <!-- testFailStudent -->
        <test-method signature="testPassStudent()[pri:0, instance:stu1.Student1Test@5e4c8041]" started-at="2026-03-16T16:06:46 IST" name="testPassStudent" finished-at="2026-03-16T16:06:46 IST" duration-ms="1" status="PASS">
          <reporter-output>
          </reporter-output>
        </test-method> <!-- testPassStudent -->
      </class> <!-- stu1.Student1Test -->
    </test> <!-- Surefire test -->
  </suite> <!-- Surefire suite -->
</testng-results>
